-------------------------------------------------------------------------------
Test set: com.dh.trabalhoIntegrador.TrabalhoIntegradorApplicationTests
-------------------------------------------------------------------------------
Tests run: 1, Failures: 0, Errors: 1, Skipped: 0, Time elapsed: 4.895 s <<< FAILURE! - in com.dh.trabalhoIntegrador.TrabalhoIntegradorApplicationTests
contextLoads  Time elapsed: 0.001 s  <<< ERROR!
java.lang.IllegalStateException: Failed to load ApplicationContext
Caused by: org.springframework.beans.factory.BeanCreationException: Error creating bean with name 'pacienteRepository' defined in com.dh.trabalhoIntegrador.repository.PacienteRepository defined in @EnableJpaRepositories declared on JpaRepositoriesRegistrar.EnableJpaRepositoriesConfiguration: Invocation of init method failed; nested exception is java.lang.IllegalArgumentException: Not a managed type: class com.dh.trabalhoIntegrador.model.Paciente
Caused by: java.lang.IllegalArgumentException: Not a managed type: class com.dh.trabalhoIntegrador.model.Paciente

