<?xml version="1.0" encoding="UTF-8"?>
<testsuite xmlns:xsi="http://www.w3.org/2001/XMLSchema-instance" xsi:noNamespaceSchemaLocation="https://maven.apache.org/surefire/maven-surefire-plugin/xsd/surefire-test-report.xsd" name="com.dh.trabalhoIntegrador.service.impl.PacienteServiceTest" time="0.167" tests="2" errors="1" skipped="0" failures="1">
  <properties>
[...]
</properties>
  <testcase name="findAll" classname="com.dh.trabalhoIntegrador.service.impl.PacienteServiceTest" time="0.157">
    <failure message="expected: &lt;true&gt; but was: &lt;false&gt;" type="org.opentest4j.AssertionFailedError"><![CDATA[org.opentest4j.AssertionFailedError: expected: <true> but was: <false>
	at com.dh.trabalhoIntegrador.service.impl.PacienteServiceTest.findAll(PacienteServiceTest.java:35)
]]></failure>
  </testcase>
  <testcase name="findById" classname="com.dh.trabalhoIntegrador.service.impl.PacienteServiceTest" time="0">
    <error message="Index 0 out of bounds for length 0" type="java.lang.IndexOutOfBoundsException">java.lang.IndexOutOfBoundsException: Index 0 out of bounds for length 0
	at com.dh.trabalhoIntegrador.service.impl.PacienteServiceTest.findById(PacienteServiceTest.java:30)
</error>
  </testcase>
</testsuite>